  main.cpp
D:\Workspace\An 3\An 3 Sem 1\GP\Labs\Project\MyGame\MyGame\main.cpp(345,21): warning C4244: '=': conversion from 'double' to 'GLfloat', possible loss of data
D:\Workspace\An 3\An 3 Sem 1\GP\Labs\Project\MyGame\MyGame\main.cpp(346,21): warning C4244: '=': conversion from 'double' to 'GLfloat', possible loss of data
D:\Workspace\An 3\An 3 Sem 1\GP\Labs\Project\MyGame\MyGame\main.cpp(350,23): warning C4244: 'initializing': conversion from 'double' to 'float', possible loss of data
D:\Workspace\An 3\An 3 Sem 1\GP\Labs\Project\MyGame\MyGame\main.cpp(351,23): warning C4244: 'initializing': conversion from 'double' to 'float', possible loss of data
D:\Workspace\An 3\An 3 Sem 1\GP\Labs\Project\MyGame\MyGame\main.cpp(352,17): warning C4244: '=': conversion from 'double' to 'GLfloat', possible loss of data
D:\Workspace\An 3\An 3 Sem 1\GP\Labs\Project\MyGame\MyGame\main.cpp(353,17): warning C4244: '=': conversion from 'double' to 'GLfloat', possible loss of data
D:\Workspace\An 3\An 3 Sem 1\GP\Labs\Project\MyGame\MyGame\main.cpp(718,89): warning C4305: 'argument': truncation from 'double' to 'GLfloat'
D:\Workspace\An 3\An 3 Sem 1\GP\Labs\Project\MyGame\MyGame\main.cpp(1142,18): warning C4305: '+=': truncation from 'double' to 'T'
          with
          [
              T=float
          ]
D:\Workspace\An 3\An 3 Sem 1\GP\Labs\Project\MyGame\MyGame\main.cpp(1143,19): warning C4305: '+=': truncation from 'double' to 'T'
          with
          [
              T=float
          ]
D:\Workspace\An 3\An 3 Sem 1\GP\Labs\Project\MyGame\MyGame\main.cpp(1162,26): warning C4305: '=': truncation from 'double' to 'T'
          with
          [
              T=float
          ]
D:\Workspace\An 3\An 3 Sem 1\GP\Labs\Project\MyGame\MyGame\main.cpp(1178,26): warning C4305: '=': truncation from 'double' to 'T'
          with
          [
              T=float
          ]
D:\Workspace\An 3\An 3 Sem 1\GP\Labs\Project\MyGame\MyGame\main.cpp(1195,22): warning C4305: '=': truncation from 'double' to 'T'
          with
          [
              T=float
          ]
D:\Workspace\An 3\An 3 Sem 1\GP\Labs\Project\MyGame\MyGame\main.cpp(1236,46): warning C4305: 'argument': truncation from 'double' to 'T'
          with
          [
              T=float
          ]
D:\Workspace\An 3\An 3 Sem 1\GP\Labs\Project\MyGame\MyGame\main.cpp(1255,46): warning C4305: 'argument': truncation from 'double' to 'T'
          with
          [
              T=float
          ]
D:\Workspace\An 3\An 3 Sem 1\GP\Labs\Project\MyGame\MyGame\main.cpp(1387,46): warning C4305: 'argument': truncation from 'double' to 'T'
          with
          [
              T=float
          ]
D:\Workspace\An 3\An 3 Sem 1\GP\Labs\Project\MyGame\MyGame\main.cpp(1424,44): warning C4305: 'argument': truncation from 'double' to 'T'
          with
          [
              T=float
          ]
D:\Workspace\An 3\An 3 Sem 1\GP\Labs\Project\MyGame\MyGame\main.cpp(2013,45): warning C4305: 'argument': truncation from 'double' to 'T'
          with
          [
              T=float
          ]
D:\Workspace\An 3\An 3 Sem 1\GP\Labs\Project\MyGame\MyGame\main.cpp(2033,47): warning C4305: 'argument': truncation from 'double' to 'T'
          with
          [
              T=float
          ]
D:\Workspace\An 3\An 3 Sem 1\GP\Labs\Project\MyGame\MyGame\main.cpp(2053,47): warning C4305: 'argument': truncation from 'double' to 'T'
          with
          [
              T=float
          ]
D:\Workspace\An 3\An 3 Sem 1\GP\Labs\Project\MyGame\MyGame\main.cpp(2073,50): warning C4305: 'argument': truncation from 'double' to 'T'
          with
          [
              T=float
          ]
D:\Workspace\An 3\An 3 Sem 1\GP\Labs\Project\MyGame\MyGame\main.cpp(2390,24): warning C4244: 'initializing': conversion from 'double' to 'float', possible loss of data
  Generating code
  1 of 1853 functions (<0.1%) were compiled, the rest were copied from previous compilation.
    0 functions were new in current compilation
    65 functions had inline decision re-evaluated but remain unchanged
  Finished generating code
LINK : warning LNK4286: symbol '__glewGenBuffers' defined in 'libglew32.lib(glew.obj)' is imported by 'Mesh.obj'
LINK : warning LNK4286: symbol '__glewGenVertexArrays' defined in 'libglew32.lib(glew.obj)' is imported by 'Mesh.obj'
LINK : warning LNK4286: symbol '__glewActiveTexture' defined in 'libglew32.lib(glew.obj)' is imported by 'Mesh.obj'
LINK : warning LNK4286: symbol '__glewBufferData' defined in 'libglew32.lib(glew.obj)' is imported by 'Mesh.obj'
LINK : warning LNK4286: symbol '__glewGetUniformLocation' defined in 'libglew32.lib(glew.obj)' is imported by 'Mesh.obj'
LINK : warning LNK4286: symbol '__glewUniform1i' defined in 'libglew32.lib(glew.obj)' is imported by 'Mesh.obj'
LINK : warning LNK4286: symbol '__glewBindBuffer' defined in 'libglew32.lib(glew.obj)' is imported by 'Mesh.obj'
LINK : warning LNK4286: symbol '__glewVertexAttribPointer' defined in 'libglew32.lib(glew.obj)' is imported by 'Mesh.obj'
LINK : warning LNK4286: symbol '__glewBindVertexArray' defined in 'libglew32.lib(glew.obj)' is imported by 'Mesh.obj'
LINK : warning LNK4286: symbol '__glewEnableVertexAttribArray' defined in 'libglew32.lib(glew.obj)' is imported by 'Mesh.obj'
LINK : warning LNK4286: symbol '__glewDeleteBuffers' defined in 'libglew32.lib(glew.obj)' is imported by 'Model3D.obj'
LINK : warning LNK4286: symbol '__glewGenerateMipmap' defined in 'libglew32.lib(glew.obj)' is imported by 'Model3D.obj'
LINK : warning LNK4286: symbol '__glewDeleteVertexArrays' defined in 'libglew32.lib(glew.obj)' is imported by 'Model3D.obj'
LINK : warning LNK4286: symbol '__glewShaderSource' defined in 'libglew32.lib(glew.obj)' is imported by 'Shader.obj'
LINK : warning LNK4286: symbol '__glewAttachShader' defined in 'libglew32.lib(glew.obj)' is imported by 'Shader.obj'
LINK : warning LNK4286: symbol '__glewGetProgramiv' defined in 'libglew32.lib(glew.obj)' is imported by 'Shader.obj'
LINK : warning LNK4286: symbol '__glewGetShaderInfoLog' defined in 'libglew32.lib(glew.obj)' is imported by 'Shader.obj'
LINK : warning LNK4286: symbol '__glewCreateProgram' defined in 'libglew32.lib(glew.obj)' is imported by 'Shader.obj'
LINK : warning LNK4286: symbol '__glewCreateShader' defined in 'libglew32.lib(glew.obj)' is imported by 'Shader.obj'
LINK : warning LNK4286: symbol '__glewCompileShader' defined in 'libglew32.lib(glew.obj)' is imported by 'Shader.obj'
LINK : warning LNK4286: symbol '__glewGetShaderiv' defined in 'libglew32.lib(glew.obj)' is imported by 'Shader.obj'
LINK : warning LNK4286: symbol '__glewUseProgram' defined in 'libglew32.lib(glew.obj)' is imported by 'Shader.obj'
LINK : warning LNK4286: symbol '__glewLinkProgram' defined in 'libglew32.lib(glew.obj)' is imported by 'Shader.obj'
LINK : warning LNK4286: symbol '__glewDeleteShader' defined in 'libglew32.lib(glew.obj)' is imported by 'Shader.obj'
LINK : warning LNK4286: symbol '__glewGetProgramInfoLog' defined in 'libglew32.lib(glew.obj)' is imported by 'Shader.obj'
LINK : warning LNK4286: symbol '__glewUniformMatrix4fv' defined in 'libglew32.lib(glew.obj)' is imported by 'SkyBox.obj'
LINK : warning LNK4286: symbol 'glewInit' defined in 'libglew32.lib(glew.obj)' is imported by 'Window.obj'
LINK : warning LNK4286: symbol 'glewExperimental' defined in 'libglew32.lib(glew.obj)' is imported by 'Window.obj'
  MyGame.vcxproj -> D:\Workspace\An 3\An 3 Sem 1\GP\Labs\Project\MyGame\x64\Release\MyGame.exe
